<?xml version="1.0" encoding="utf-16"?>
<ShowPlanXML xmlns:xsi="http://www.w3.org/2001/XMLSchema-instance" xmlns:xsd="http://www.w3.org/2001/XMLSchema" Version="1.1.1" Build="10.0.5500.0" xmlns="http://schemas.microsoft.com/sqlserver/2004/07/showplan">
  <BatchSequence>
    <Batch>
      <Statements>
        <StmtSimple StatementCompId="1" StatementEstRows="21.5288" StatementId="1" StatementOptmLevel="FULL" StatementOptmEarlyAbortReason="TimeOut" StatementSubTreeCost="1.03035" StatementText="WITH SGs (ViewID, SGID, ObjID, ParentObjID, Name, Platform)&#xD;&#xA;    AS&#xD;&#xA;    (&#xD;&#xA;    SELECT &#xD;&#xA;        v.ViewID, &#xD;&#xA;        v.ObjID AS SGID, &#xD;&#xA;        v.ObjID, &#xD;&#xA;        v.ParentObjID, &#xD;&#xA;        o.Name,&#xD;&#xA;        o.Platform&#xD;&#xA;    FROM &#xD;&#xA;        ViewHierarchy v WITH (NOLOCK)&#xD;&#xA;        INNER JOIN Object o WITH (NOLOCK)&#xD;&#xA;            ON (v.ObjID = o.ObjID)&#xD;&#xA;    WHERE&#xD;&#xA;        o.RootMachineObjID IS NULL&#xD;&#xA;        AND v.ObjID NOT IN (SELECT RootObjID FROM Views)&#xD;&#xA;        AND o.Status &amp; 0x08000000 = 0&#xD;&#xA;        AND v.Status &amp; 0x08000000 = 0  &#xD;&#xA;        AND o.Status &amp; 0x04000000 = 0	-- ENG321156, ignore &quot;Proxy&quot; (Do Not Ping) object&#xD;&#xA;       &#xD;&#xA;    UNION ALL&#xD;&#xA;    SELECT &#xD;&#xA;        v.ViewID, &#xD;&#xA;        sg.SGID AS SGID, &#xD;&#xA;        v.ObjID, &#xD;&#xA;        v.ParentObjID, &#xD;&#xA;        o.Name,&#xD;&#xA;        o.Platform&#xD;&#xA;    FROM &#xD;&#xA;        ViewHierarchy v WITH (NOLOCK)&#xD;&#xA;        INNER JOIN Object o WITH (NOLOCK)&#xD;&#xA;            ON (v.ObjID = o.ObjID)&#xD;&#xA;        INNER JOIN SGs sg --WITH (NOLOCK)&#xD;&#xA;            ON (v.ParentObjID = sg.ObjID        &#xD;&#xA;        AND v.ViewID = sg.ViewID)&#xD;&#xA;    WHERE&#xD;&#xA;        o.Status &amp; 0x08000000 = 0&#xD;&#xA;        AND v.Status &amp; 0x08000000 = 0&#xD;&#xA;        AND o.Status &amp; 0x04000000 = 0	-- ENG321156, ignore &quot;Proxy&quot; (Do Not Ping) object&#xD;&#xA;    )&#xD;&#xA;&#xD;&#xA;    --  objects inside the server groups&#xD;&#xA;    SELECT&#xD;&#xA;        DISTINCT &#xD;&#xA;        ViewID,&#xD;&#xA;        SGID,&#xD;&#xA;        ObjID,&#xD;&#xA;        Platform&#xD;&#xA;    FROM&#xD;&#xA;        SGs&#xD;&#xA;" StatementType="SELECT" QueryHash="0x5E92889B3C433F48" QueryPlanHash="0xA8B809FAAC189BA6">
          <StatementSetOptions ANSI_NULLS="true" ANSI_PADDING="true" ANSI_WARNINGS="true" ARITHABORT="true" CONCAT_NULL_YIELDS_NULL="true" NUMERIC_ROUNDABORT="false" QUOTED_IDENTIFIER="true" />
          <QueryPlan DegreeOfParallelism="1" MemoryGrant="1312" CachedPlanSize="96" CompileTime="99" CompileCPU="44" CompileMemory="1656">
            <RelOp AvgRowSize="23" EstimateCPU="0.000248744" EstimateIO="0.0112613" EstimateRebinds="0" EstimateRewinds="0" EstimateRows="21.5288" LogicalOp="Distinct Sort" NodeId="0" Parallel="false" PhysicalOp="Sort" EstimatedTotalSubtreeCost="1.03035">
              <OutputList>
                <ColumnReference Column="Recr1017" />
                <ColumnReference Column="Recr1018" />
                <ColumnReference Column="Recr1019" />
                <ColumnReference Column="Recr1022" />
              </OutputList>
              <MemoryFractions Input="1" Output="1" />
              <RunTimeInformation>
                <RunTimeCountersPerThread Thread="0" ActualRebinds="1" ActualRewinds="0" ActualRows="243007" ActualEndOfScans="1" ActualExecutions="1" />
              </RunTimeInformation>
              <Sort Distinct="true">
                <OrderBy>
                  <OrderByColumn Ascending="true">
                    <ColumnReference Column="Recr1017" />
                  </OrderByColumn>
                  <OrderByColumn Ascending="true">
                    <ColumnReference Column="Recr1018" />
                  </OrderByColumn>
                  <OrderByColumn Ascending="true">
                    <ColumnReference Column="Recr1019" />
                  </OrderByColumn>
                  <OrderByColumn Ascending="true">
                    <ColumnReference Column="Recr1022" />
                  </OrderByColumn>
                </OrderBy>
                <RelOp AvgRowSize="23" EstimateCPU="1.07644E-07" EstimateIO="0" EstimateRebinds="0" EstimateRewinds="0" EstimateRows="21.5288" LogicalOp="Lazy Spool" NodeId="1" Parallel="false" PhysicalOp="Index Spool" EstimatedTotalSubtreeCost="1.01884">
                  <OutputList>
                    <ColumnReference Column="Expr1032" />
                    <ColumnReference Column="Recr1017" />
                    <ColumnReference Column="Recr1018" />
                    <ColumnReference Column="Recr1019" />
                    <ColumnReference Column="Recr1020" />
                    <ColumnReference Column="Recr1021" />
                    <ColumnReference Column="Recr1022" />
                  </OutputList>
                  <RunTimeInformation>
                    <RunTimeCountersPerThread Thread="0" ActualRebinds="1" ActualRewinds="0" ActualRows="243007" ActualEndOfScans="1" ActualExecutions="1" />
                  </RunTimeInformation>
                  <Spool Stack="true">
                    <RelOp AvgRowSize="23" EstimateCPU="2.15288E-08" EstimateIO="0" EstimateRebinds="0" EstimateRewinds="0" EstimateRows="21.5288" LogicalOp="Concatenation" NodeId="2" Parallel="false" PhysicalOp="Concatenation" EstimatedTotalSubtreeCost="0.994741">
                      <OutputList>
                        <ColumnReference Column="Expr1032" />
                        <ColumnReference Column="Recr1017" />
                        <ColumnReference Column="Recr1018" />
                        <ColumnReference Column="Recr1019" />
                        <ColumnReference Column="Recr1020" />
                        <ColumnReference Column="Recr1021" />
                        <ColumnReference Column="Recr1022" />
                      </OutputList>
                      <RunTimeInformation>
                        <RunTimeCountersPerThread Thread="0" ActualRows="243007" ActualEndOfScans="1" ActualExecutions="1" />
                      </RunTimeInformation>
                      <Concat>
                        <DefinedValues>
                          <DefinedValue>
                            <ColumnReference Column="Expr1032" />
                            <ColumnReference Column="Expr1029" />
                            <ColumnReference Column="Expr1031" />
                          </DefinedValue>
                          <DefinedValue>
                            <ColumnReference Column="Recr1017" />
                            <ColumnReference Database="[QDB03]" Schema="[dbo]" Table="[ViewHierarchy]" Alias="[v]" Column="ViewID" />
                            <ColumnReference Database="[QDB03]" Schema="[dbo]" Table="[ViewHierarchy]" Alias="[v]" Column="ViewID" />
                          </DefinedValue>
                          <DefinedValue>
                            <ColumnReference Column="Recr1018" />
                            <ColumnReference Database="[QDB03]" Schema="[dbo]" Table="[ViewHierarchy]" Alias="[v]" Column="ObjID" />
                            <ColumnReference Column="Recr1012" />
                          </DefinedValue>
                          <DefinedValue>
                            <ColumnReference Column="Recr1019" />
                            <ColumnReference Database="[QDB03]" Schema="[dbo]" Table="[ViewHierarchy]" Alias="[v]" Column="ObjID" />
                            <ColumnReference Database="[QDB03]" Schema="[dbo]" Table="[ViewHierarchy]" Alias="[v]" Column="ObjID" />
                          </DefinedValue>
                          <DefinedValue>
                            <ColumnReference Column="Recr1020" />
                            <ColumnReference Database="[QDB03]" Schema="[dbo]" Table="[ViewHierarchy]" Alias="[v]" Column="ParentObjID" />
                            <ColumnReference Database="[QDB03]" Schema="[dbo]" Table="[ViewHierarchy]" Alias="[v]" Column="ParentObjID" />
                          </DefinedValue>
                          <DefinedValue>
                            <ColumnReference Column="Recr1021" />
                            <ColumnReference Database="[QDB03]" Schema="[dbo]" Table="[Object]" Alias="[o]" Column="Name" />
                            <ColumnReference Database="[QDB03]" Schema="[dbo]" Table="[Object]" Alias="[o]" Column="Name" />
                          </DefinedValue>
                          <DefinedValue>
                            <ColumnReference Column="Recr1022" />
                            <ColumnReference Database="[QDB03]" Schema="[dbo]" Table="[Object]" Alias="[o]" Column="Platform" />
                            <ColumnReference Database="[QDB03]" Schema="[dbo]" Table="[Object]" Alias="[o]" Column="Platform" />
                          </DefinedValue>
                        </DefinedValues>
                        <RelOp AvgRowSize="23" EstimateCPU="2.15288E-07" EstimateIO="0" EstimateRebinds="21.5288" EstimateRewinds="0" EstimateRows="1" LogicalOp="Compute Scalar" NodeId="3" Parallel="false" PhysicalOp="Compute Scalar" EstimatedTotalSubtreeCost="2.15288E-07">
                          <OutputList>
                            <ColumnReference Column="Expr1029" />
                            <ColumnReference Database="[QDB03]" Schema="[dbo]" Table="[ViewHierarchy]" Alias="[v]" Column="ViewID" />
                            <ColumnReference Database="[QDB03]" Schema="[dbo]" Table="[ViewHierarchy]" Alias="[v]" Column="ObjID" />
                            <ColumnReference Database="[QDB03]" Schema="[dbo]" Table="[ViewHierarchy]" Alias="[v]" Column="ObjID" />
                            <ColumnReference Database="[QDB03]" Schema="[dbo]" Table="[ViewHierarchy]" Alias="[v]" Column="ParentObjID" />
                            <ColumnReference Database="[QDB03]" Schema="[dbo]" Table="[Object]" Alias="[o]" Column="Name" />
                            <ColumnReference Database="[QDB03]" Schema="[dbo]" Table="[Object]" Alias="[o]" Column="Platform" />
                          </OutputList>
                          <ComputeScalar>
                            <DefinedValues>
                              <DefinedValue>
                                <ColumnReference Column="Expr1029" />
                                <ScalarOperator ScalarString="(0)">
                                  <Const ConstValue="(0)" />
                                </ScalarOperator>
                              </DefinedValue>
                            </DefinedValues>
                            <RelOp AvgRowSize="91" EstimateCPU="8.58104E-05" EstimateIO="0" EstimateRebinds="0" EstimateRewinds="0" EstimateRows="20.5288" LogicalOp="Left Anti Semi Join" NodeId="4" Parallel="false" PhysicalOp="Nested Loops" EstimatedTotalSubtreeCost="0.475041">
                              <OutputList>
                                <ColumnReference Database="[QDB03]" Schema="[dbo]" Table="[ViewHierarchy]" Alias="[v]" Column="ViewID" />
                                <ColumnReference Database="[QDB03]" Schema="[dbo]" Table="[ViewHierarchy]" Alias="[v]" Column="ObjID" />
                                <ColumnReference Database="[QDB03]" Schema="[dbo]" Table="[ViewHierarchy]" Alias="[v]" Column="ParentObjID" />
                                <ColumnReference Database="[QDB03]" Schema="[dbo]" Table="[Object]" Alias="[o]" Column="Name" />
                                <ColumnReference Database="[QDB03]" Schema="[dbo]" Table="[Object]" Alias="[o]" Column="Platform" />
                              </OutputList>
                              <RunTimeInformation>
                                <RunTimeCountersPerThread Thread="0" ActualRows="161" ActualEndOfScans="1" ActualExecutions="1" />
                              </RunTimeInformation>
                              <NestedLoops Optimized="false">
                                <OuterReferences>
                                  <ColumnReference Database="[QDB03]" Schema="[dbo]" Table="[ViewHierarchy]" Alias="[v]" Column="ObjID" />
                                </OuterReferences>
                                <RelOp AvgRowSize="91" EstimateCPU="8.58104E-05" EstimateIO="0" EstimateRebinds="0" EstimateRewinds="0" EstimateRows="20.5288" LogicalOp="Inner Join" NodeId="6" Parallel="false" PhysicalOp="Nested Loops" EstimatedTotalSubtreeCost="0.455846">
                                  <OutputList>
                                    <ColumnReference Database="[QDB03]" Schema="[dbo]" Table="[ViewHierarchy]" Alias="[v]" Column="ViewID" />
                                    <ColumnReference Database="[QDB03]" Schema="[dbo]" Table="[ViewHierarchy]" Alias="[v]" Column="ObjID" />
                                    <ColumnReference Database="[QDB03]" Schema="[dbo]" Table="[ViewHierarchy]" Alias="[v]" Column="ParentObjID" />
                                    <ColumnReference Database="[QDB03]" Schema="[dbo]" Table="[Object]" Alias="[o]" Column="Name" />
                                    <ColumnReference Database="[QDB03]" Schema="[dbo]" Table="[Object]" Alias="[o]" Column="Platform" />
                                  </OutputList>
                                  <RunTimeInformation>
                                    <RunTimeCountersPerThread Thread="0" ActualRows="533" ActualEndOfScans="1" ActualExecutions="1" />
                                  </RunTimeInformation>
                                  <NestedLoops Optimized="false">
                                    <OuterReferences>
                                      <ColumnReference Database="[QDB03]" Schema="[dbo]" Table="[Object]" Alias="[o]" Column="ObjID" />
                                    </OuterReferences>
                                    <RelOp AvgRowSize="83" EstimateCPU="7.12225E-05" EstimateIO="0" EstimateRebinds="0" EstimateRewinds="0" EstimateRows="17.0389" LogicalOp="Inner Join" NodeId="8" Parallel="false" PhysicalOp="Nested Loops" EstimatedTotalSubtreeCost="0.402751">
                                      <OutputList>
                                        <ColumnReference Database="[QDB03]" Schema="[dbo]" Table="[Object]" Alias="[o]" Column="ObjID" />
                                        <ColumnReference Database="[QDB03]" Schema="[dbo]" Table="[Object]" Alias="[o]" Column="Name" />
                                        <ColumnReference Database="[QDB03]" Schema="[dbo]" Table="[Object]" Alias="[o]" Column="Platform" />
                                      </OutputList>
                                      <RunTimeInformation>
                                        <RunTimeCountersPerThread Thread="0" ActualRows="533" ActualEndOfScans="1" ActualExecutions="1" />
                                      </RunTimeInformation>
                                      <NestedLoops Optimized="false">
                                        <OuterReferences>
                                          <ColumnReference Database="[QDB03]" Schema="[dbo]" Table="[Object]" Alias="[o]" Column="ObjID" />
                                        </OuterReferences>
                                        <RelOp AvgRowSize="79" EstimateCPU="0.0318727" EstimateIO="0" EstimateRebinds="0" EstimateRewinds="0" EstimateRows="17.0389" LogicalOp="Inner Join" NodeId="10" Parallel="false" PhysicalOp="Hash Match" EstimatedTotalSubtreeCost="0.350231">
                                          <OutputList>
                                            <ColumnReference Database="[QDB03]" Schema="[dbo]" Table="[Object]" Alias="[o]" Column="ObjID" />
                                            <ColumnReference Database="[QDB03]" Schema="[dbo]" Table="[Object]" Alias="[o]" Column="Name" />
                                          </OutputList>
                                          <MemoryFractions Input="0" Output="0" />
                                          <RunTimeInformation>
                                            <RunTimeCountersPerThread Thread="0" ActualRows="533" ActualEndOfScans="1" ActualExecutions="1" />
                                          </RunTimeInformation>
                                          <Hash>
                                            <DefinedValues />
                                            <HashKeysBuild>
                                              <ColumnReference Database="[QDB03]" Schema="[dbo]" Table="[Object]" Alias="[o]" Column="ObjID" />
                                            </HashKeysBuild>
                                            <HashKeysProbe>
                                              <ColumnReference Database="[QDB03]" Schema="[dbo]" Table="[Object]" Alias="[o]" Column="ObjID" />
                                            </HashKeysProbe>
                                            <RelOp AvgRowSize="11" EstimateCPU="0.0007433" EstimateIO="0.00336252" EstimateRebinds="0" EstimateRewinds="0" EstimateRows="533" LogicalOp="Index Seek" NodeId="11" Parallel="false" PhysicalOp="Index Seek" EstimatedTotalSubtreeCost="0.00410582" TableCardinality="60942">
                                              <OutputList>
                                                <ColumnReference Database="[QDB03]" Schema="[dbo]" Table="[Object]" Alias="[o]" Column="ObjID" />
                                              </OutputList>
                                              <RunTimeInformation>
                                                <RunTimeCountersPerThread Thread="0" ActualRows="533" ActualEndOfScans="1" ActualExecutions="1" />
                                              </RunTimeInformation>
                                              <IndexScan Ordered="true" ScanDirection="FORWARD" ForcedIndex="false" ForceSeek="false" NoExpandHint="false">
                                                <DefinedValues>
                                                  <DefinedValue>
                                                    <ColumnReference Database="[QDB03]" Schema="[dbo]" Table="[Object]" Alias="[o]" Column="ObjID" />
                                                  </DefinedValue>
                                                </DefinedValues>
                                                <Object Database="[QDB03]" Schema="[dbo]" Table="[Object]" Index="[CC_Object_RootMachineObjID_idx]" Alias="[o]" TableReferenceId="1" IndexKind="NonClustered" />
                                                <SeekPredicates>
                                                  <SeekPredicateNew>
                                                    <SeekKeys>
                                                      <Prefix ScanType="EQ">
                                                        <RangeColumns>
                                                          <ColumnReference Database="[QDB03]" Schema="[dbo]" Table="[Object]" Alias="[o]" Column="RootMachineObjID" />
                                                        </RangeColumns>
                                                        <RangeExpressions>
                                                          <ScalarOperator ScalarString="NULL">
                                                            <Const ConstValue="NULL" />
                                                          </ScalarOperator>
                                                        </RangeExpressions>
                                                      </Prefix>
                                                    </SeekKeys>
                                                  </SeekPredicateNew>
                                                </SeekPredicates>
                                              </IndexScan>
                                            </RelOp>
                                            <RelOp AvgRowSize="83" EstimateCPU="0.0671932" EstimateIO="0.169051" EstimateRebinds="0" EstimateRewinds="0" EstimateRows="1948.19" LogicalOp="Index Scan" NodeId="12" Parallel="false" PhysicalOp="Index Scan" EstimatedTotalSubtreeCost="0.236244" TableCardinality="60942">
                                              <OutputList>
                                                <ColumnReference Database="[QDB03]" Schema="[dbo]" Table="[Object]" Alias="[o]" Column="ObjID" />
                                                <ColumnReference Database="[QDB03]" Schema="[dbo]" Table="[Object]" Alias="[o]" Column="Name" />
                                              </OutputList>
                                              <RunTimeInformation>
                                                <RunTimeCountersPerThread Thread="0" ActualRows="60941" ActualEndOfScans="1" ActualExecutions="1" />
                                              </RunTimeInformation>
                                              <IndexScan Ordered="false" ForcedIndex="false" ForceSeek="false" NoExpandHint="false">
                                                <DefinedValues>
                                                  <DefinedValue>
                                                    <ColumnReference Database="[QDB03]" Schema="[dbo]" Table="[Object]" Alias="[o]" Column="ObjID" />
                                                  </DefinedValue>
                                                  <DefinedValue>
                                                    <ColumnReference Database="[QDB03]" Schema="[dbo]" Table="[Object]" Alias="[o]" Column="Name" />
                                                  </DefinedValue>
                                                </DefinedValues>
                                                <Object Database="[QDB03]" Schema="[dbo]" Table="[Object]" Index="[idx_Object_TypeID]" Alias="[o]" TableReferenceId="1" IndexKind="NonClustered" />
                                                <Predicate>
                                                  <ScalarOperator ScalarString="([QDB03].[dbo].[Object].[Status] as [o].[Status]&amp;(134217728))=(0) AND ([QDB03].[dbo].[Object].[Status] as [o].[Status]&amp;(67108864))=(0)">
                                                    <Logical Operation="AND">
                                                      <ScalarOperator>
                                                        <Compare CompareOp="EQ">
                                                          <ScalarOperator>
                                                            <Arithmetic Operation="BIT_AND">
                                                              <ScalarOperator>
                                                                <Identifier>
                                                                  <ColumnReference Database="[QDB03]" Schema="[dbo]" Table="[Object]" Alias="[o]" Column="Status" />
                                                                </Identifier>
                                                              </ScalarOperator>
                                                              <ScalarOperator>
                                                                <Const ConstValue="(134217728)" />
                                                              </ScalarOperator>
                                                            </Arithmetic>
                                                          </ScalarOperator>
                                                          <ScalarOperator>
                                                            <Const ConstValue="(0)" />
                                                          </ScalarOperator>
                                                        </Compare>
                                                      </ScalarOperator>
                                                      <ScalarOperator>
                                                        <Compare CompareOp="EQ">
                                                          <ScalarOperator>
                                                            <Arithmetic Operation="BIT_AND">
                                                              <ScalarOperator>
                                                                <Identifier>
                                                                  <ColumnReference Database="[QDB03]" Schema="[dbo]" Table="[Object]" Alias="[o]" Column="Status" />
                                                                </Identifier>
                                                              </ScalarOperator>
                                                              <ScalarOperator>
                                                                <Const ConstValue="(67108864)" />
                                                              </ScalarOperator>
                                                            </Arithmetic>
                                                          </ScalarOperator>
                                                          <ScalarOperator>
                                                            <Const ConstValue="(0)" />
                                                          </ScalarOperator>
                                                        </Compare>
                                                      </ScalarOperator>
                                                    </Logical>
                                                  </ScalarOperator>
                                                </Predicate>
                                              </IndexScan>
                                            </RelOp>
                                          </Hash>
                                        </RelOp>
                                        <RelOp AvgRowSize="11" EstimateCPU="0.0001581" EstimateIO="0.003125" EstimateRebinds="16.0389" EstimateRewinds="0" EstimateRows="1" LogicalOp="Clustered Index Seek" NodeId="20" Parallel="false" PhysicalOp="Clustered Index Seek" EstimatedTotalSubtreeCost="0.0524482" TableCardinality="60942">
                                          <OutputList>
                                            <ColumnReference Database="[QDB03]" Schema="[dbo]" Table="[Object]" Alias="[o]" Column="Platform" />
                                          </OutputList>
                                          <RunTimeInformation>
                                            <RunTimeCountersPerThread Thread="0" ActualRows="533" ActualEndOfScans="0" ActualExecutions="533" />
                                          </RunTimeInformation>
                                          <IndexScan Lookup="true" Ordered="true" ScanDirection="FORWARD" ForcedIndex="false" ForceSeek="false" NoExpandHint="false">
                                            <DefinedValues>
                                              <DefinedValue>
                                                <ColumnReference Database="[QDB03]" Schema="[dbo]" Table="[Object]" Alias="[o]" Column="Platform" />
                                              </DefinedValue>
                                            </DefinedValues>
                                            <Object Database="[QDB03]" Schema="[dbo]" Table="[Object]" Index="[PK_Object_1__12]" Alias="[o]" TableReferenceId="-1" IndexKind="Clustered" />
                                            <SeekPredicates>
                                              <SeekPredicateNew>
                                                <SeekKeys>
                                                  <Prefix ScanType="EQ">
                                                    <RangeColumns>
                                                      <ColumnReference Database="[QDB03]" Schema="[dbo]" Table="[Object]" Alias="[o]" Column="ObjID" />
                                                    </RangeColumns>
                                                    <RangeExpressions>
                                                      <ScalarOperator ScalarString="[QDB03].[dbo].[Object].[ObjID] as [o].[ObjID]">
                                                        <Identifier>
                                                          <ColumnReference Database="[QDB03]" Schema="[dbo]" Table="[Object]" Alias="[o]" Column="ObjID" />
                                                        </Identifier>
                                                      </ScalarOperator>
                                                    </RangeExpressions>
                                                  </Prefix>
                                                </SeekKeys>
                                              </SeekPredicateNew>
                                            </SeekPredicates>
                                          </IndexScan>
                                        </RelOp>
                                      </NestedLoops>
                                    </RelOp>
                                    <RelOp AvgRowSize="23" EstimateCPU="0.000168973" EstimateIO="0.003125" EstimateRebinds="16.0389" EstimateRewinds="0" EstimateRows="1.20482" LogicalOp="Clustered Index Seek" NodeId="25" Parallel="false" PhysicalOp="Clustered Index Seek" EstimatedTotalSubtreeCost="0.0528813" TableCardinality="638722">
                                      <OutputList>
                                        <ColumnReference Database="[QDB03]" Schema="[dbo]" Table="[ViewHierarchy]" Alias="[v]" Column="ViewID" />
                                        <ColumnReference Database="[QDB03]" Schema="[dbo]" Table="[ViewHierarchy]" Alias="[v]" Column="ObjID" />
                                        <ColumnReference Database="[QDB03]" Schema="[dbo]" Table="[ViewHierarchy]" Alias="[v]" Column="ParentObjID" />
                                      </OutputList>
                                      <RunTimeInformation>
                                        <RunTimeCountersPerThread Thread="0" ActualRows="533" ActualEndOfScans="533" ActualExecutions="533" />
                                      </RunTimeInformation>
                                      <IndexScan Ordered="true" ScanDirection="FORWARD" ForcedIndex="false" ForceSeek="false" NoExpandHint="false">
                                        <DefinedValues>
                                          <DefinedValue>
                                            <ColumnReference Database="[QDB03]" Schema="[dbo]" Table="[ViewHierarchy]" Alias="[v]" Column="ViewID" />
                                          </DefinedValue>
                                          <DefinedValue>
                                            <ColumnReference Database="[QDB03]" Schema="[dbo]" Table="[ViewHierarchy]" Alias="[v]" Column="ObjID" />
                                          </DefinedValue>
                                          <DefinedValue>
                                            <ColumnReference Database="[QDB03]" Schema="[dbo]" Table="[ViewHierarchy]" Alias="[v]" Column="ParentObjID" />
                                          </DefinedValue>
                                        </DefinedValues>
                                        <Object Database="[QDB03]" Schema="[dbo]" Table="[ViewHierarchy]" Index="[PK_ViewHierarchy_2__14]" Alias="[v]" TableReferenceId="1" IndexKind="Clustered" />
                                        <SeekPredicates>
                                          <SeekPredicateNew>
                                            <SeekKeys>
                                              <Prefix ScanType="EQ">
                                                <RangeColumns>
                                                  <ColumnReference Database="[QDB03]" Schema="[dbo]" Table="[ViewHierarchy]" Alias="[v]" Column="ObjID" />
                                                </RangeColumns>
                                                <RangeExpressions>
                                                  <ScalarOperator ScalarString="[QDB03].[dbo].[Object].[ObjID] as [o].[ObjID]">
                                                    <Identifier>
                                                      <ColumnReference Database="[QDB03]" Schema="[dbo]" Table="[Object]" Alias="[o]" Column="ObjID" />
                                                    </Identifier>
                                                  </ScalarOperator>
                                                </RangeExpressions>
                                              </Prefix>
                                            </SeekKeys>
                                          </SeekPredicateNew>
                                        </SeekPredicates>
                                        <Predicate>
                                          <ScalarOperator ScalarString="([QDB03].[dbo].[ViewHierarchy].[Status] as [v].[Status]&amp;(134217728))=(0)">
                                            <Compare CompareOp="EQ">
                                              <ScalarOperator>
                                                <Arithmetic Operation="BIT_AND">
                                                  <ScalarOperator>
                                                    <Identifier>
                                                      <ColumnReference Database="[QDB03]" Schema="[dbo]" Table="[ViewHierarchy]" Alias="[v]" Column="Status" />
                                                    </Identifier>
                                                  </ScalarOperator>
                                                  <ScalarOperator>
                                                    <Const ConstValue="(134217728)" />
                                                  </ScalarOperator>
                                                </Arithmetic>
                                              </ScalarOperator>
                                              <ScalarOperator>
                                                <Const ConstValue="(0)" />
                                              </ScalarOperator>
                                            </Compare>
                                          </ScalarOperator>
                                        </Predicate>
                                      </IndexScan>
                                    </RelOp>
                                  </NestedLoops>
                                </RelOp>
                                <RelOp AvgRowSize="9" EstimateCPU="1E-07" EstimateIO="0" EstimateRebinds="19.5288" EstimateRewinds="0" EstimateRows="1" LogicalOp="Top" NodeId="28" Parallel="false" PhysicalOp="Top" EstimatedTotalSubtreeCost="0.0191053">
                                  <OutputList />
                                  <RunTimeInformation>
                                    <RunTimeCountersPerThread Thread="0" ActualRows="372" ActualEndOfScans="161" ActualExecutions="533" />
                                  </RunTimeInformation>
                                  <Top RowCount="false" IsPercent="false" WithTies="false">
                                    <TopExpression>
                                      <ScalarOperator ScalarString="(1)">
                                        <Const ConstValue="(1)" />
                                      </ScalarOperator>
                                    </TopExpression>
                                    <RelOp AvgRowSize="11" EstimateCPU="0.0004877" EstimateIO="0.00542572" EstimateRebinds="0" EstimateRewinds="19.5288" EstimateRows="1" LogicalOp="Clustered Index Scan" NodeId="29" Parallel="false" PhysicalOp="Clustered Index Scan" EstimatedTotalSubtreeCost="0.0154376" TableCardinality="372">
                                      <OutputList />
                                      <RunTimeInformation>
                                        <RunTimeCountersPerThread Thread="0" ActualRows="372" ActualEndOfScans="161" ActualExecutions="533" />
                                      </RunTimeInformation>
                                      <IndexScan Ordered="false" ForcedIndex="false" NoExpandHint="false">
                                        <DefinedValues />
                                        <Object Database="[QDB03]" Schema="[dbo]" Table="[Views]" Index="[PK_Views_1__14]" IndexKind="Clustered" />
                                        <Predicate>
                                          <ScalarOperator ScalarString="[QDB03].[dbo].[ViewHierarchy].[ObjID] as [v].[ObjID]=[QDB03].[dbo].[Views].[RootObjID]">
                                            <Compare CompareOp="EQ">
                                              <ScalarOperator>
                                                <Identifier>
                                                  <ColumnReference Database="[QDB03]" Schema="[dbo]" Table="[ViewHierarchy]" Alias="[v]" Column="ObjID" />
                                                </Identifier>
                                              </ScalarOperator>
                                              <ScalarOperator>
                                                <Identifier>
                                                  <ColumnReference Database="[QDB03]" Schema="[dbo]" Table="[Views]" Column="RootObjID" />
                                                </Identifier>
                                              </ScalarOperator>
                                            </Compare>
                                          </ScalarOperator>
                                        </Predicate>
                                      </IndexScan>
                                    </RelOp>
                                  </Top>
                                </RelOp>
                              </NestedLoops>
                            </RelOp>
                          </ComputeScalar>
                        </RelOp>
                        <RelOp AvgRowSize="23" EstimateCPU="1.80842E-06" EstimateIO="0" EstimateRebinds="21.5288" EstimateRewinds="0" EstimateRows="1.04871" LogicalOp="Assert" NodeId="35" Parallel="false" PhysicalOp="Assert" EstimatedTotalSubtreeCost="0.5197">
                          <OutputList>
                            <ColumnReference Column="Expr1031" />
                            <ColumnReference Database="[QDB03]" Schema="[dbo]" Table="[ViewHierarchy]" Alias="[v]" Column="ViewID" />
                            <ColumnReference Column="Recr1012" />
                            <ColumnReference Database="[QDB03]" Schema="[dbo]" Table="[ViewHierarchy]" Alias="[v]" Column="ObjID" />
                            <ColumnReference Database="[QDB03]" Schema="[dbo]" Table="[ViewHierarchy]" Alias="[v]" Column="ParentObjID" />
                            <ColumnReference Database="[QDB03]" Schema="[dbo]" Table="[Object]" Alias="[o]" Column="Name" />
                            <ColumnReference Database="[QDB03]" Schema="[dbo]" Table="[Object]" Alias="[o]" Column="Platform" />
                          </OutputList>
                          <RunTimeInformation>
                            <RunTimeCountersPerThread Thread="0" ActualRows="242846" ActualEndOfScans="1" ActualExecutions="1" />
                          </RunTimeInformation>
                          <Assert StartupExpression="false">
                            <RelOp AvgRowSize="23" EstimateCPU="1.80842E-06" EstimateIO="0" EstimateRebinds="21.5288" EstimateRewinds="0" EstimateRows="1.04871" LogicalOp="Inner Join" NodeId="36" Parallel="false" PhysicalOp="Nested Loops" EstimatedTotalSubtreeCost="0.5197">
                              <OutputList>
                                <ColumnReference Column="Expr1031" />
                                <ColumnReference Database="[QDB03]" Schema="[dbo]" Table="[ViewHierarchy]" Alias="[v]" Column="ViewID" />
                                <ColumnReference Column="Recr1012" />
                                <ColumnReference Database="[QDB03]" Schema="[dbo]" Table="[ViewHierarchy]" Alias="[v]" Column="ObjID" />
                                <ColumnReference Database="[QDB03]" Schema="[dbo]" Table="[ViewHierarchy]" Alias="[v]" Column="ParentObjID" />
                                <ColumnReference Database="[QDB03]" Schema="[dbo]" Table="[Object]" Alias="[o]" Column="Name" />
                                <ColumnReference Database="[QDB03]" Schema="[dbo]" Table="[Object]" Alias="[o]" Column="Platform" />
                              </OutputList>
                              <RunTimeInformation>
                                <RunTimeCountersPerThread Thread="0" ActualRows="242846" ActualEndOfScans="1" ActualExecutions="1" />
                              </RunTimeInformation>
                              <NestedLoops Optimized="false">
                                <OuterReferences>
                                  <ColumnReference Column="Expr1031" />
                                  <ColumnReference Column="Recr1011" />
                                  <ColumnReference Column="Recr1012" />
                                  <ColumnReference Column="Recr1013" />
                                  <ColumnReference Column="Recr1014" />
                                  <ColumnReference Column="Recr1015" />
                                  <ColumnReference Column="Recr1016" />
                                </OuterReferences>
                                <RelOp AvgRowSize="23" EstimateCPU="2.15288E-07" EstimateIO="0" EstimateRebinds="21.5288" EstimateRewinds="0" EstimateRows="1" LogicalOp="Compute Scalar" NodeId="37" Parallel="false" PhysicalOp="Compute Scalar" EstimatedTotalSubtreeCost="2.15288E-07">
                                  <OutputList>
                                    <ColumnReference Column="Expr1031" />
                                    <ColumnReference Column="Recr1011" />
                                    <ColumnReference Column="Recr1012" />
                                    <ColumnReference Column="Recr1013" />
                                    <ColumnReference Column="Recr1014" />
                                    <ColumnReference Column="Recr1015" />
                                    <ColumnReference Column="Recr1016" />
                                  </OutputList>
                                  <ComputeScalar>
                                    <DefinedValues>
                                      <DefinedValue>
                                        <ColumnReference Column="Expr1031" />
                                        <ScalarOperator ScalarString="[Expr1030]+(1)">
                                          <Arithmetic Operation="ADD">
                                            <ScalarOperator>
                                              <Identifier>
                                                <ColumnReference Column="Expr1030" />
                                              </Identifier>
                                            </ScalarOperator>
                                            <ScalarOperator>
                                              <Const ConstValue="(1)" />
                                            </ScalarOperator>
                                          </Arithmetic>
                                        </ScalarOperator>
                                      </DefinedValue>
                                    </DefinedValues>
                                    <RelOp AvgRowSize="23" EstimateCPU="2.15288E-07" EstimateIO="0" EstimateRebinds="21.5288" EstimateRewinds="0" EstimateRows="1" LogicalOp="Lazy Spool" NodeId="38" Parallel="false" PhysicalOp="Table Spool" EstimatedTotalSubtreeCost="2.15288E-07">
                                      <OutputList>
                                        <ColumnReference Column="Expr1030" />
                                        <ColumnReference Column="Recr1011" />
                                        <ColumnReference Column="Recr1012" />
                                        <ColumnReference Column="Recr1013" />
                                        <ColumnReference Column="Recr1014" />
                                        <ColumnReference Column="Recr1015" />
                                        <ColumnReference Column="Recr1016" />
                                      </OutputList>
                                      <RunTimeInformation>
                                        <RunTimeCountersPerThread Thread="0" ActualRebinds="1" ActualRewinds="0" ActualRows="243007" ActualEndOfScans="1" ActualExecutions="1" />
                                      </RunTimeInformation>
                                      <Spool Stack="true" PrimaryNodeId="1" />
                                    </RelOp>
                                  </ComputeScalar>
                                </RelOp>
                                <RelOp AvgRowSize="91" EstimateCPU="4.18E-06" EstimateIO="0" EstimateRebinds="20.5288" EstimateRewinds="0" EstimateRows="1" LogicalOp="Inner Join" NodeId="43" Parallel="false" PhysicalOp="Nested Loops" EstimatedTotalSubtreeCost="0.519696">
                                  <OutputList>
                                    <ColumnReference Database="[QDB03]" Schema="[dbo]" Table="[ViewHierarchy]" Alias="[v]" Column="ViewID" />
                                    <ColumnReference Database="[QDB03]" Schema="[dbo]" Table="[ViewHierarchy]" Alias="[v]" Column="ObjID" />
                                    <ColumnReference Database="[QDB03]" Schema="[dbo]" Table="[ViewHierarchy]" Alias="[v]" Column="ParentObjID" />
                                    <ColumnReference Database="[QDB03]" Schema="[dbo]" Table="[Object]" Alias="[o]" Column="Name" />
                                    <ColumnReference Database="[QDB03]" Schema="[dbo]" Table="[Object]" Alias="[o]" Column="Platform" />
                                  </OutputList>
                                  <RunTimeInformation>
                                    <RunTimeCountersPerThread Thread="0" ActualRows="242846" ActualEndOfScans="243007" ActualExecutions="243007" />
                                  </RunTimeInformation>
                                  <NestedLoops Optimized="false">
                                    <OuterReferences>
                                      <ColumnReference Database="[QDB03]" Schema="[dbo]" Table="[ViewHierarchy]" Alias="[v]" Column="ObjID" />
                                    </OuterReferences>
                                    <RelOp AvgRowSize="23" EstimateCPU="0.00421824" EstimateIO="0.0134954" EstimateRebinds="20.5288" EstimateRewinds="0" EstimateRows="1" LogicalOp="Index Seek" NodeId="45" Parallel="false" PhysicalOp="Index Seek" EstimatedTotalSubtreeCost="0.366785" TableCardinality="638722">
                                      <OutputList>
                                        <ColumnReference Database="[QDB03]" Schema="[dbo]" Table="[ViewHierarchy]" Alias="[v]" Column="ViewID" />
                                        <ColumnReference Database="[QDB03]" Schema="[dbo]" Table="[ViewHierarchy]" Alias="[v]" Column="ObjID" />
                                        <ColumnReference Database="[QDB03]" Schema="[dbo]" Table="[ViewHierarchy]" Alias="[v]" Column="ParentObjID" />
                                      </OutputList>
                                      <RunTimeInformation>
                                        <RunTimeCountersPerThread Thread="0" ActualRows="242846" ActualEndOfScans="243007" ActualExecutions="243007" />
                                      </RunTimeInformation>
                                      <IndexScan Ordered="true" ScanDirection="FORWARD" ForcedIndex="false" ForceSeek="false" NoExpandHint="false">
                                        <DefinedValues>
                                          <DefinedValue>
                                            <ColumnReference Database="[QDB03]" Schema="[dbo]" Table="[ViewHierarchy]" Alias="[v]" Column="ViewID" />
                                          </DefinedValue>
                                          <DefinedValue>
                                            <ColumnReference Database="[QDB03]" Schema="[dbo]" Table="[ViewHierarchy]" Alias="[v]" Column="ObjID" />
                                          </DefinedValue>
                                          <DefinedValue>
                                            <ColumnReference Database="[QDB03]" Schema="[dbo]" Table="[ViewHierarchy]" Alias="[v]" Column="ParentObjID" />
                                          </DefinedValue>
                                        </DefinedValues>
                                        <Object Database="[QDB03]" Schema="[dbo]" Table="[ViewHierarchy]" Index="[idx_ViewHierarchy_ViewID_01]" Alias="[v]" TableReferenceId="2" IndexKind="NonClustered" />
                                        <SeekPredicates>
                                          <SeekPredicateNew>
                                            <SeekKeys>
                                              <Prefix ScanType="EQ">
                                                <RangeColumns>
                                                  <ColumnReference Database="[QDB03]" Schema="[dbo]" Table="[ViewHierarchy]" Alias="[v]" Column="ViewID" />
                                                </RangeColumns>
                                                <RangeExpressions>
                                                  <ScalarOperator ScalarString="[Recr1011]">
                                                    <Identifier>
                                                      <ColumnReference Column="Recr1011" />
                                                    </Identifier>
                                                  </ScalarOperator>
                                                </RangeExpressions>
                                              </Prefix>
                                            </SeekKeys>
                                          </SeekPredicateNew>
                                        </SeekPredicates>
                                        <Predicate>
                                          <ScalarOperator ScalarString="[QDB03].[dbo].[ViewHierarchy].[ParentObjID] as [v].[ParentObjID]=[Recr1013] AND ([QDB03].[dbo].[ViewHierarchy].[Status] as [v].[Status]&amp;(134217728))=(0)">
                                            <Logical Operation="AND">
                                              <ScalarOperator>
                                                <Compare CompareOp="EQ">
                                                  <ScalarOperator>
                                                    <Identifier>
                                                      <ColumnReference Database="[QDB03]" Schema="[dbo]" Table="[ViewHierarchy]" Alias="[v]" Column="ParentObjID" />
                                                    </Identifier>
                                                  </ScalarOperator>
                                                  <ScalarOperator>
                                                    <Identifier>
                                                      <ColumnReference Column="Recr1013" />
                                                    </Identifier>
                                                  </ScalarOperator>
                                                </Compare>
                                              </ScalarOperator>
                                              <ScalarOperator>
                                                <Compare CompareOp="EQ">
                                                  <ScalarOperator>
                                                    <Arithmetic Operation="BIT_AND">
                                                      <ScalarOperator>
                                                        <Identifier>
                                                          <ColumnReference Database="[QDB03]" Schema="[dbo]" Table="[ViewHierarchy]" Alias="[v]" Column="Status" />
                                                        </Identifier>
                                                      </ScalarOperator>
                                                      <ScalarOperator>
                                                        <Const ConstValue="(134217728)" />
                                                      </ScalarOperator>
                                                    </Arithmetic>
                                                  </ScalarOperator>
                                                  <ScalarOperator>
                                                    <Const ConstValue="(0)" />
                                                  </ScalarOperator>
                                                </Compare>
                                              </ScalarOperator>
                                            </Logical>
                                          </ScalarOperator>
                                        </Predicate>
                                      </IndexScan>
                                    </RelOp>
                                    <RelOp AvgRowSize="83" EstimateCPU="0.0001581" EstimateIO="0.003125" EstimateRebinds="20.5288" EstimateRewinds="0" EstimateRows="1" LogicalOp="Clustered Index Seek" NodeId="47" Parallel="false" PhysicalOp="Clustered Index Seek" EstimatedTotalSubtreeCost="0.066947" TableCardinality="60942">
                                      <OutputList>
                                        <ColumnReference Database="[QDB03]" Schema="[dbo]" Table="[Object]" Alias="[o]" Column="Name" />
                                        <ColumnReference Database="[QDB03]" Schema="[dbo]" Table="[Object]" Alias="[o]" Column="Platform" />
                                      </OutputList>
                                      <RunTimeInformation>
                                        <RunTimeCountersPerThread Thread="0" ActualRows="242846" ActualEndOfScans="0" ActualExecutions="242846" />
                                      </RunTimeInformation>
                                      <IndexScan Ordered="true" ScanDirection="FORWARD" ForcedIndex="false" ForceSeek="false" NoExpandHint="false">
                                        <DefinedValues>
                                          <DefinedValue>
                                            <ColumnReference Database="[QDB03]" Schema="[dbo]" Table="[Object]" Alias="[o]" Column="Name" />
                                          </DefinedValue>
                                          <DefinedValue>
                                            <ColumnReference Database="[QDB03]" Schema="[dbo]" Table="[Object]" Alias="[o]" Column="Platform" />
                                          </DefinedValue>
                                        </DefinedValues>
                                        <Object Database="[QDB03]" Schema="[dbo]" Table="[Object]" Index="[PK_Object_1__12]" Alias="[o]" TableReferenceId="2" IndexKind="Clustered" />
                                        <SeekPredicates>
                                          <SeekPredicateNew>
                                            <SeekKeys>
                                              <Prefix ScanType="EQ">
                                                <RangeColumns>
                                                  <ColumnReference Database="[QDB03]" Schema="[dbo]" Table="[Object]" Alias="[o]" Column="ObjID" />
                                                </RangeColumns>
                                                <RangeExpressions>
                                                  <ScalarOperator ScalarString="[QDB03].[dbo].[ViewHierarchy].[ObjID] as [v].[ObjID]">
                                                    <Identifier>
                                                      <ColumnReference Database="[QDB03]" Schema="[dbo]" Table="[ViewHierarchy]" Alias="[v]" Column="ObjID" />
                                                    </Identifier>
                                                  </ScalarOperator>
                                                </RangeExpressions>
                                              </Prefix>
                                            </SeekKeys>
                                          </SeekPredicateNew>
                                        </SeekPredicates>
                                        <Predicate>
                                          <ScalarOperator ScalarString="([QDB03].[dbo].[Object].[Status] as [o].[Status]&amp;(134217728))=(0) AND ([QDB03].[dbo].[Object].[Status] as [o].[Status]&amp;(67108864))=(0)">
                                            <Logical Operation="AND">
                                              <ScalarOperator>
                                                <Compare CompareOp="EQ">
                                                  <ScalarOperator>
                                                    <Arithmetic Operation="BIT_AND">
                                                      <ScalarOperator>
                                                        <Identifier>
                                                          <ColumnReference Database="[QDB03]" Schema="[dbo]" Table="[Object]" Alias="[o]" Column="Status" />
                                                        </Identifier>
                                                      </ScalarOperator>
                                                      <ScalarOperator>
                                                        <Const ConstValue="(134217728)" />
                                                      </ScalarOperator>
                                                    </Arithmetic>
                                                  </ScalarOperator>
                                                  <ScalarOperator>
                                                    <Const ConstValue="(0)" />
                                                  </ScalarOperator>
                                                </Compare>
                                              </ScalarOperator>
                                              <ScalarOperator>
                                                <Compare CompareOp="EQ">
                                                  <ScalarOperator>
                                                    <Arithmetic Operation="BIT_AND">
                                                      <ScalarOperator>
                                                        <Identifier>
                                                          <ColumnReference Database="[QDB03]" Schema="[dbo]" Table="[Object]" Alias="[o]" Column="Status" />
                                                        </Identifier>
                                                      </ScalarOperator>
                                                      <ScalarOperator>
                                                        <Const ConstValue="(67108864)" />
                                                      </ScalarOperator>
                                                    </Arithmetic>
                                                  </ScalarOperator>
                                                  <ScalarOperator>
                                                    <Const ConstValue="(0)" />
                                                  </ScalarOperator>
                                                </Compare>
                                              </ScalarOperator>
                                            </Logical>
                                          </ScalarOperator>
                                        </Predicate>
                                      </IndexScan>
                                    </RelOp>
                                  </NestedLoops>
                                </RelOp>
                              </NestedLoops>
                            </RelOp>
                            <Predicate>
                              <ScalarOperator ScalarString="CASE WHEN [Expr1031]&gt;(100) THEN (0) ELSE NULL END">
                                <IF>
                                  <Condition>
                                    <ScalarOperator>
                                      <Compare CompareOp="GT">
                                        <ScalarOperator>
                                          <Identifier>
                                            <ColumnReference Column="Expr1031" />
                                          </Identifier>
                                        </ScalarOperator>
                                        <ScalarOperator>
                                          <Const ConstValue="(100)" />
                                        </ScalarOperator>
                                      </Compare>
                                    </ScalarOperator>
                                  </Condition>
                                  <Then>
                                    <ScalarOperator>
                                      <Const ConstValue="(0)" />
                                    </ScalarOperator>
                                  </Then>
                                  <Else>
                                    <ScalarOperator>
                                      <Const ConstValue="NULL" />
                                    </ScalarOperator>
                                  </Else>
                                </IF>
                              </ScalarOperator>
                            </Predicate>
                          </Assert>
                        </RelOp>
                      </Concat>
                    </RelOp>
                  </Spool>
                </RelOp>
              </Sort>
            </RelOp>
          </QueryPlan>
        </StmtSimple>
      </Statements>
    </Batch>
  </BatchSequence>
</ShowPlanXML>